2020-09-03T04:55:14+00:00 CRITICAL Uncaught Error: Call to undefined function calculate_product_price() in D:\PROGRAMS\OpenServer\domains\rollo.me\wp-content\themes\rollo\woocommerce\content-product.php:36
Stack trace:
#0 D:\PROGRAMS\OpenServer\domains\rollo.me\wp-includes\template.php(724): require()
#1 D:\PROGRAMS\OpenServer\domains\rollo.me\wp-content\plugins\woocommerce\includes\wc-core-functions.php(195): load_template('D:\\PROGRAMS\\Ope...', false)
#2 D:\PROGRAMS\OpenServer\domains\rollo.me\wp-content\themes\rollo\woocommerce\single-product\related.php(37): wc_get_template_part('content', 'product')
#3 D:\PROGRAMS\OpenServer\domains\rollo.me\wp-content\plugins\woocommerce\includes\wc-core-functions.php(249): include('D:\\PROGRAMS\\Ope...')
#4 D:\PROGRAMS\OpenServer\domains\rollo.me\wp-content\plugins\woocommerce\includes\wc-template-functions.php(1924): wc_get_template('single-product/...', Array)
#5 D:\PROGRAMS\OpenServer\domains\rollo.me\wp-content\plugins\woocommerce\includes\wc-template-functions.php(1887): woocommerce_related_produc у D:\PROGRAMS\OpenServer\domains\rollo.me\wp-content\themes\rollo\woocommerce\content-product.php доступно 36

2020-09-03T04:55:33+00:00 CRITICAL Uncaught Error: Call to undefined function calculate_product_price() in D:\PROGRAMS\OpenServer\domains\rollo.me\wp-content\themes\rollo\woocommerce\content-product.php:36
Stack trace:
#0 D:\PROGRAMS\OpenServer\domains\rollo.me\wp-includes\template.php(724): require()
#1 D:\PROGRAMS\OpenServer\domains\rollo.me\wp-content\plugins\woocommerce\includes\wc-core-functions.php(195): load_template('D:\\PROGRAMS\\Ope...', false)
#2 D:\PROGRAMS\OpenServer\domains\rollo.me\wp-content\themes\rollo\woocommerce\single-product\related.php(37): wc_get_template_part('content', 'product')
#3 D:\PROGRAMS\OpenServer\domains\rollo.me\wp-content\plugins\woocommerce\includes\wc-core-functions.php(249): include('D:\\PROGRAMS\\Ope...')
#4 D:\PROGRAMS\OpenServer\domains\rollo.me\wp-content\plugins\woocommerce\includes\wc-template-functions.php(1924): wc_get_template('single-product/...', Array)
#5 D:\PROGRAMS\OpenServer\domains\rollo.me\wp-content\plugins\woocommerce\includes\wc-template-functions.php(1887): woocommerce_related_produc у D:\PROGRAMS\OpenServer\domains\rollo.me\wp-content\themes\rollo\woocommerce\content-product.php доступно 36

2020-09-03T04:55:40+00:00 CRITICAL Uncaught Error: Call to undefined function rollo_post_thumbnail() in D:\PROGRAMS\OpenServer\domains\rollo.me\wp-content\themes\rollo\template-parts\content-page.php:18
Stack trace:
#0 D:\PROGRAMS\OpenServer\domains\rollo.me\wp-includes\template.php(724): require()
#1 D:\PROGRAMS\OpenServer\domains\rollo.me\wp-includes\template.php(671): load_template('D:\\PROGRAMS\\Ope...', false)
#2 D:\PROGRAMS\OpenServer\domains\rollo.me\wp-includes\general-template.php(168): locate_template(Array, true, false)
#3 D:\PROGRAMS\OpenServer\domains\rollo.me\wp-content\themes\rollo\page.php(25): get_template_part('template-parts/...', 'page')
#4 D:\PROGRAMS\OpenServer\domains\rollo.me\wp-includes\template-loader.php(98): include('D:\\PROGRAMS\\Ope...')
#5 D:\PROGRAMS\OpenServer\domains\rollo.me\wp-blog-header.php(19): require_once('D:\\PROGRAMS\\Ope...')
#6 D:\PROGRAMS\OpenServer\domains\rollo.me\index.php(17): require('D:\\PROGRAMS\\Ope...')
#7 {main}
  thrown у D:\PROGRAMS\OpenServer\domains\rollo.me\wp-content\themes\rollo\template-parts\content-page.php доступно 18

2020-09-03T04:58:11+00:00 CRITICAL Uncaught Error: Call to undefined function calculate_product_price() in D:\PROGRAMS\OpenServer\domains\rollo.me\wp-content\themes\rollo\woocommerce\content-product.php:36
Stack trace:
#0 D:\PROGRAMS\OpenServer\domains\rollo.me\wp-includes\template.php(724): require()
#1 D:\PROGRAMS\OpenServer\domains\rollo.me\wp-content\plugins\woocommerce\includes\wc-core-functions.php(195): load_template('D:\\PROGRAMS\\Ope...', false)
#2 D:\PROGRAMS\OpenServer\domains\rollo.me\wp-content\themes\rollo\woocommerce\single-product\related.php(37): wc_get_template_part('content', 'product')
#3 D:\PROGRAMS\OpenServer\domains\rollo.me\wp-content\plugins\woocommerce\includes\wc-core-functions.php(249): include('D:\\PROGRAMS\\Ope...')
#4 D:\PROGRAMS\OpenServer\domains\rollo.me\wp-content\plugins\woocommerce\includes\wc-template-functions.php(1924): wc_get_template('single-product/...', Array)
#5 D:\PROGRAMS\OpenServer\domains\rollo.me\wp-content\plugins\woocommerce\includes\wc-template-functions.php(1887): woocommerce_related_produc у D:\PROGRAMS\OpenServer\domains\rollo.me\wp-content\themes\rollo\woocommerce\content-product.php доступно 36

2020-09-03T04:58:22+00:00 CRITICAL Uncaught Error: Call to undefined function calculate_product_price() in D:\PROGRAMS\OpenServer\domains\rollo.me\wp-content\themes\rollo\woocommerce\content-product.php:36
Stack trace:
#0 D:\PROGRAMS\OpenServer\domains\rollo.me\wp-includes\template.php(724): require()
#1 D:\PROGRAMS\OpenServer\domains\rollo.me\wp-content\plugins\woocommerce\includes\wc-core-functions.php(195): load_template('D:\\PROGRAMS\\Ope...', false)
#2 D:\PROGRAMS\OpenServer\domains\rollo.me\wp-content\themes\rollo\woocommerce\single-product\related.php(37): wc_get_template_part('content', 'product')
#3 D:\PROGRAMS\OpenServer\domains\rollo.me\wp-content\plugins\woocommerce\includes\wc-core-functions.php(249): include('D:\\PROGRAMS\\Ope...')
#4 D:\PROGRAMS\OpenServer\domains\rollo.me\wp-content\plugins\woocommerce\includes\wc-template-functions.php(1924): wc_get_template('single-product/...', Array)
#5 D:\PROGRAMS\OpenServer\domains\rollo.me\wp-content\plugins\woocommerce\includes\wc-template-functions.php(1887): woocommerce_related_produc у D:\PROGRAMS\OpenServer\domains\rollo.me\wp-content\themes\rollo\woocommerce\content-product.php доступно 36

2020-09-03T04:58:24+00:00 CRITICAL Uncaught Error: Call to undefined function get_top_cat() in D:\PROGRAMS\OpenServer\domains\rollo.me\wp-content\themes\rollo\footer.php:46
Stack trace:
#0 D:\PROGRAMS\OpenServer\domains\rollo.me\wp-includes\template.php(722): require_once()
#1 D:\PROGRAMS\OpenServer\domains\rollo.me\wp-includes\template.php(671): load_template('D:\\PROGRAMS\\Ope...', true)
#2 D:\PROGRAMS\OpenServer\domains\rollo.me\wp-includes\general-template.php(76): locate_template(Array, true)
#3 D:\PROGRAMS\OpenServer\domains\rollo.me\wp-content\themes\rollo\404.php(63): get_footer()
#4 D:\PROGRAMS\OpenServer\domains\rollo.me\wp-includes\template-loader.php(98): include('D:\\PROGRAMS\\Ope...')
#5 D:\PROGRAMS\OpenServer\domains\rollo.me\wp-blog-header.php(19): require_once('D:\\PROGRAMS\\Ope...')
#6 D:\PROGRAMS\OpenServer\domains\rollo.me\index.php(17): require('D:\\PROGRAMS\\Ope...')
#7 {main}
  thrown у D:\PROGRAMS\OpenServer\domains\rollo.me\wp-content\themes\rollo\footer.php доступно 46

2020-09-03T04:59:07+00:00 CRITICAL Uncaught Error: Call to undefined function calculate_product_price() in D:\PROGRAMS\OpenServer\domains\rollo.me\wp-content\themes\rollo\woocommerce\single-product.php:296
Stack trace:
#0 D:\PROGRAMS\OpenServer\domains\rollo.me\wp-includes\template-loader.php(98): include()
#1 D:\PROGRAMS\OpenServer\domains\rollo.me\wp-blog-header.php(19): require_once('D:\\PROGRAMS\\Ope...')
#2 D:\PROGRAMS\OpenServer\domains\rollo.me\index.php(17): require('D:\\PROGRAMS\\Ope...')
#3 {main}
  thrown у D:\PROGRAMS\OpenServer\domains\rollo.me\wp-content\themes\rollo\woocommerce\single-product.php доступно 296

2020-09-03T04:59:48+00:00 CRITICAL Uncaught Error: Call to undefined function custom_find_matching_product_variation() in D:\PROGRAMS\OpenServer\domains\rollo.me\wp-content\themes\rollo\woocommerce\single-product.php:111
Stack trace:
#0 D:\PROGRAMS\OpenServer\domains\rollo.me\wp-includes\template-loader.php(98): include()
#1 D:\PROGRAMS\OpenServer\domains\rollo.me\wp-blog-header.php(19): require_once('D:\\PROGRAMS\\Ope...')
#2 D:\PROGRAMS\OpenServer\domains\rollo.me\index.php(17): require('D:\\PROGRAMS\\Ope...')
#3 {main}
  thrown у D:\PROGRAMS\OpenServer\domains\rollo.me\wp-content\themes\rollo\woocommerce\single-product.php доступно 111

2020-09-03T05:00:08+00:00 CRITICAL Uncaught Error: Call to undefined function get_top_cat() in D:\PROGRAMS\OpenServer\domains\rollo.me\wp-content\themes\rollo\footer.php:46
Stack trace:
#0 D:\PROGRAMS\OpenServer\domains\rollo.me\wp-includes\template.php(722): require_once()
#1 D:\PROGRAMS\OpenServer\domains\rollo.me\wp-includes\template.php(671): load_template('D:\\PROGRAMS\\Ope...', true)
#2 D:\PROGRAMS\OpenServer\domains\rollo.me\wp-includes\general-template.php(76): locate_template(Array, true)
#3 D:\PROGRAMS\OpenServer\domains\rollo.me\wp-content\themes\rollo\404.php(63): get_footer()
#4 D:\PROGRAMS\OpenServer\domains\rollo.me\wp-includes\template-loader.php(98): include('D:\\PROGRAMS\\Ope...')
#5 D:\PROGRAMS\OpenServer\domains\rollo.me\wp-blog-header.php(19): require_once('D:\\PROGRAMS\\Ope...')
#6 D:\PROGRAMS\OpenServer\domains\rollo.me\index.php(17): require('D:\\PROGRAMS\\Ope...')
#7 {main}
  thrown у D:\PROGRAMS\OpenServer\domains\rollo.me\wp-content\themes\rollo\footer.php доступно 46

2020-09-03T05:00:11+00:00 CRITICAL Uncaught Error: Call to undefined function get_top_cat() in D:\PROGRAMS\OpenServer\domains\rollo.me\wp-content\themes\rollo\footer.php:46
Stack trace:
#0 D:\PROGRAMS\OpenServer\domains\rollo.me\wp-includes\template.php(722): require_once()
#1 D:\PROGRAMS\OpenServer\domains\rollo.me\wp-includes\template.php(671): load_template('D:\\PROGRAMS\\Ope...', true)
#2 D:\PROGRAMS\OpenServer\domains\rollo.me\wp-includes\general-template.php(76): locate_template(Array, true)
#3 D:\PROGRAMS\OpenServer\domains\rollo.me\wp-content\themes\rollo\single.php(78): get_footer()
#4 D:\PROGRAMS\OpenServer\domains\rollo.me\wp-includes\template-loader.php(98): include('D:\\PROGRAMS\\Ope...')
#5 D:\PROGRAMS\OpenServer\domains\rollo.me\wp-blog-header.php(19): require_once('D:\\PROGRAMS\\Ope...')
#6 D:\PROGRAMS\OpenServer\domains\rollo.me\index.php(17): require('D:\\PROGRAMS\\Ope...')
#7 {main}
  thrown у D:\PROGRAMS\OpenServer\domains\rollo.me\wp-content\themes\rollo\footer.php доступно 46

2020-09-03T05:00:15+00:00 CRITICAL Uncaught Error: Call to undefined function get_top_cat() in D:\PROGRAMS\OpenServer\domains\rollo.me\wp-content\themes\rollo\footer.php:46
Stack trace:
#0 D:\PROGRAMS\OpenServer\domains\rollo.me\wp-includes\template.php(722): require_once()
#1 D:\PROGRAMS\OpenServer\domains\rollo.me\wp-includes\template.php(671): load_template('D:\\PROGRAMS\\Ope...', true)
#2 D:\PROGRAMS\OpenServer\domains\rollo.me\wp-includes\general-template.php(76): locate_template(Array, true)
#3 D:\PROGRAMS\OpenServer\domains\rollo.me\wp-content\themes\rollo\404.php(63): get_footer()
#4 D:\PROGRAMS\OpenServer\domains\rollo.me\wp-includes\template-loader.php(98): include('D:\\PROGRAMS\\Ope...')
#5 D:\PROGRAMS\OpenServer\domains\rollo.me\wp-blog-header.php(19): require_once('D:\\PROGRAMS\\Ope...')
#6 D:\PROGRAMS\OpenServer\domains\rollo.me\index.php(17): require('D:\\PROGRAMS\\Ope...')
#7 {main}
  thrown у D:\PROGRAMS\OpenServer\domains\rollo.me\wp-content\themes\rollo\footer.php доступно 46

2020-09-03T05:00:53+00:00 CRITICAL Uncaught Error: Call to undefined function get_top_cat() in D:\PROGRAMS\OpenServer\domains\rollo.me\wp-content\themes\rollo\footer.php:46
Stack trace:
#0 D:\PROGRAMS\OpenServer\domains\rollo.me\wp-includes\template.php(722): require_once()
#1 D:\PROGRAMS\OpenServer\domains\rollo.me\wp-includes\template.php(671): load_template('D:\\PROGRAMS\\Ope...', true)
#2 D:\PROGRAMS\OpenServer\domains\rollo.me\wp-includes\general-template.php(76): locate_template(Array, true)
#3 D:\PROGRAMS\OpenServer\domains\rollo.me\wp-content\themes\rollo\single.php(78): get_footer()
#4 D:\PROGRAMS\OpenServer\domains\rollo.me\wp-includes\template-loader.php(98): include('D:\\PROGRAMS\\Ope...')
#5 D:\PROGRAMS\OpenServer\domains\rollo.me\wp-blog-header.php(19): require_once('D:\\PROGRAMS\\Ope...')
#6 D:\PROGRAMS\OpenServer\domains\rollo.me\index.php(17): require('D:\\PROGRAMS\\Ope...')
#7 {main}
  thrown у D:\PROGRAMS\OpenServer\domains\rollo.me\wp-content\themes\rollo\footer.php доступно 46

2020-09-03T05:01:11+00:00 CRITICAL Uncaught Error: Call to undefined function get_top_cat() in D:\PROGRAMS\OpenServer\domains\rollo.me\wp-content\themes\rollo\footer.php:46
Stack trace:
#0 D:\PROGRAMS\OpenServer\domains\rollo.me\wp-includes\template.php(722): require_once()
#1 D:\PROGRAMS\OpenServer\domains\rollo.me\wp-includes\template.php(671): load_template('D:\\PROGRAMS\\Ope...', true)
#2 D:\PROGRAMS\OpenServer\domains\rollo.me\wp-includes\general-template.php(76): locate_template(Array, true)
#3 D:\PROGRAMS\OpenServer\domains\rollo.me\wp-content\themes\rollo\woocommerce\single-product.php(527): get_footer('shop')
#4 D:\PROGRAMS\OpenServer\domains\rollo.me\wp-includes\template-loader.php(98): include('D:\\PROGRAMS\\Ope...')
#5 D:\PROGRAMS\OpenServer\domains\rollo.me\wp-blog-header.php(19): require_once('D:\\PROGRAMS\\Ope...')
#6 D:\PROGRAMS\OpenServer\domains\rollo.me\index.php(17): require('D:\\PROGRAMS\\Ope...')
#7 {main}
  thrown у D:\PROGRAMS\OpenServer\domains\rollo.me\wp-content\themes\rollo\footer.php доступно 46

